<?xml version="1.0" encoding="UTF-8"?>
<testng-results ignored="0" total="3" passed="3" failed="0" skipped="0">
  <reporter-output>
  </reporter-output>
  <suite started-at="2023-08-15T13:27:01Z" name="Suite" finished-at="2023-08-15T13:32:48Z" duration-ms="347055">
    <groups>
    </groups>
    <test started-at="2023-08-15T13:27:01Z" name="Test" finished-at="2023-08-15T13:32:48Z" duration-ms="347055">
      <class name="excel.Fb">
        <test-method signature="login([Ljava.lang.String;)[pri:0, instance:excel.Fb@6dab9b6d]" started-at="2023-08-15T13:27:04Z" name="login" data-provider="getData" finished-at="2023-08-15T13:28:52Z" duration-ms="108503" status="PASS">
          <params>
            <param index="0">
              <value>
                <![CDATA[[Ljava.lang.String;@14fded9d]]>
              </value>
            </param>
          </params>
          <reporter-output>
          </reporter-output>
        </test-method> <!-- login -->
        <test-method signature="login([Ljava.lang.String;)[pri:0, instance:excel.Fb@6dab9b6d]" started-at="2023-08-15T13:28:52Z" name="login" data-provider="getData" finished-at="2023-08-15T13:29:39Z" duration-ms="46255" status="PASS">
          <params>
            <param index="0">
              <value>
                <![CDATA[[Ljava.lang.String;@bc6288b]]>
              </value>
            </param>
          </params>
          <reporter-output>
          </reporter-output>
        </test-method> <!-- login -->
        <test-method signature="login([Ljava.lang.String;)[pri:0, instance:excel.Fb@6dab9b6d]" started-at="2023-08-15T13:29:39Z" name="login" data-provider="getData" finished-at="2023-08-15T13:32:48Z" duration-ms="189794" status="PASS">
          <params>
            <param index="0">
              <value>
                <![CDATA[[Ljava.lang.String;@4a3bd45b]]>
              </value>
            </param>
          </params>
          <reporter-output>
          </reporter-output>
        </test-method> <!-- login -->
      </class> <!-- excel.Fb -->
    </test> <!-- Test -->
  </suite> <!-- Suite -->
</testng-results>
