<?xml version="1.0" encoding="UTF-8"?>
<testng-results ignored="0" total="1" passed="1" failed="0" skipped="0">
  <reporter-output>
  </reporter-output>
  <suite started-at="2023-08-14T09:29:46Z" name="Default suite" finished-at="2023-08-14T09:30:25Z" duration-ms="38928">
    <groups>
    </groups>
    <test started-at="2023-08-14T09:29:46Z" name="Default test" finished-at="2023-08-14T09:30:25Z" duration-ms="38928">
      <class name="Newone.Task1">
        <test-method signature="Scrollbar()[pri:0, instance:Newone.Task1@632ceb35]" started-at="2023-08-14T09:29:46Z" name="Scrollbar" finished-at="2023-08-14T09:30:25Z" duration-ms="38863" status="PASS">
          <reporter-output>
          </reporter-output>
        </test-method> <!-- Scrollbar -->
      </class> <!-- Newone.Task1 -->
    </test> <!-- Default test -->
  </suite> <!-- Default suite -->
</testng-results>
